<?xml version="1.0" encoding="UTF-8"?>
<!-- Generated by org.testng.reporters.JUnitXMLReporter -->
<testsuite ignored="0" hostname="DJ" failures="0" tests="1" name="Test-Runner-1" time="43.677" errors="0" timestamp="2023-01-21T13:13:07 IST">
  <testcase classname="vtiger.OrganizationTests.CreateOrgWithIndustryTest" name="createOrgWithIndustryTest" time="23.666"/>
</testsuite> <!-- Test-Runner-1 -->
