<?xml version="1.0" encoding="UTF-8"?>
<!-- Generated by org.testng.reporters.JUnitXMLReporter -->
<testsuite ignored="0" hostname="DJ" failures="0" tests="1" name="Test-Runner-Firefox" time="119.332" errors="0" timestamp="2023-01-21T17:56:53 IST">
  <testcase classname="vtiger.ContactsTests.CreateContactWithOrgTest" name="createContactWithOrgTest" time="21.506"/>
</testsuite> <!-- Test-Runner-Firefox -->
