<?xml version="1.0" encoding="UTF-8"?>
<!-- Generated by org.testng.reporters.JUnitReportReporter -->
<testsuite hostname="DJ" failures="0" tests="5" name="vtiger.OrganizationTests.CreateMultipleOrgTest" time="230.527" errors="0" timestamp="2023-01-06T18:15:19 IST" skipped="0">
  <testcase classname="vtiger.OrganizationTests.CreateMultipleOrgTest" name="createMultipleOrgTest" time="37.608"/>
  <system-out/>
  <testcase classname="vtiger.OrganizationTests.CreateMultipleOrgTest" name="createMultipleOrgTest" time="32.223"/>
  <system-out/>
  <testcase classname="vtiger.OrganizationTests.CreateMultipleOrgTest" name="createMultipleOrgTest" time="87.089"/>
  <system-out/>
  <testcase classname="vtiger.OrganizationTests.CreateMultipleOrgTest" name="createMultipleOrgTest" time="29.293"/>
  <system-out/>
  <testcase classname="vtiger.OrganizationTests.CreateMultipleOrgTest" name="createMultipleOrgTest" time="44.314"/>
  <system-out/>
</testsuite> <!-- vtiger.OrganizationTests.CreateMultipleOrgTest -->
