<?xml version="1.0" encoding="UTF-8"?>
<!-- Generated by org.testng.reporters.JUnitReportReporter -->
<testsuite hostname="DJ" failures="0" tests="1" name="vtiger.OrganizationTests.CreateOrganizationTest" time="14.789" errors="0" timestamp="2023-01-22T10:57:21 IST" skipped="0">
  <testcase classname="vtiger.OrganizationTests.CreateOrganizationTest" name="createOrgTest" time="14.789"/>
  <system-out>
    <![CDATA[---organization link clicked---
---organization lookup icon clicked---
---Organization created successfully---test passed]]>
  </system-out>
</testsuite> <!-- vtiger.OrganizationTests.CreateOrganizationTest -->
