<?xml version="1.0" encoding="UTF-8"?>
<!-- Generated by org.testng.reporters.JUnitReportReporter -->
<testsuite hostname="DJ" failures="0" tests="5" name="vtiger.OrganizationTests.CreateMultipleOrgTest" time="130.090" errors="0" timestamp="2023-02-07T15:45:02 IST" skipped="0">
  <testcase classname="vtiger.OrganizationTests.CreateMultipleOrgTest" name="createMultipleOrgTest" time="23.845"/>
  <system-out>
    <![CDATA[pass]]>
  </system-out>
  <testcase classname="vtiger.OrganizationTests.CreateMultipleOrgTest" name="createMultipleOrgTest" time="23.869"/>
  <system-out>
    <![CDATA[pass]]>
  </system-out>
  <testcase classname="vtiger.OrganizationTests.CreateMultipleOrgTest" name="createMultipleOrgTest" time="32.614"/>
  <system-out>
    <![CDATA[pass]]>
  </system-out>
  <testcase classname="vtiger.OrganizationTests.CreateMultipleOrgTest" name="createMultipleOrgTest" time="26.141"/>
  <system-out>
    <![CDATA[pass]]>
  </system-out>
  <testcase classname="vtiger.OrganizationTests.CreateMultipleOrgTest" name="createMultipleOrgTest" time="23.621"/>
  <system-out>
    <![CDATA[pass]]>
  </system-out>
</testsuite> <!-- vtiger.OrganizationTests.CreateMultipleOrgTest -->
