<?xml version="1.0" encoding="UTF-8"?>
<!-- Generated by org.testng.reporters.JUnitReportReporter -->
<testsuite hostname="DJ" failures="0" tests="1" name="practice.SampleTest" time="0.035" errors="0" timestamp="2023-01-05T09:48:40 IST" skipped="0">
  <testcase classname="practice.SampleTest" name="sampleTest" time="0.035"/>
  <system-out>
    <![CDATA[Hello]]>
  </system-out>
</testsuite> <!-- practice.SampleTest -->
