<?xml version="1.0" encoding="UTF-8"?>
<!-- Generated by org.testng.reporters.JUnitReportReporter -->
<testsuite hostname="DJ" failures="0" tests="1" name="vtiger.OrganizationTests.CreateOrgWithIndustryTest" time="44.490" errors="0" timestamp="2023-01-07T10:33:52 IST" skipped="0">
  <testcase classname="vtiger.OrganizationTests.CreateOrgWithIndustryTest" name="createOrgWithIndustryTest" time="44.490"/>
  <system-out>
    <![CDATA[---clicked organization link
---organization lookup icon clicked---
---created organization with industry successfully---test passed]]>
  </system-out>
</testsuite> <!-- vtiger.OrganizationTests.CreateOrgWithIndustryTest -->
