<?xml version="1.0" encoding="UTF-8"?>
<!-- Generated by org.testng.reporters.JUnitReportReporter -->
<testsuite hostname="DJ" failures="0" tests="1" name="vtiger.OrganizationTests.CreateOrgWithTypeAndIndustryTest" time="33.277" errors="0" timestamp="2023-02-13T08:54:26 IST" skipped="0">
  <testcase classname="vtiger.OrganizationTests.CreateOrgWithTypeAndIndustryTest" name="CreateOrgWithTypeAndIndustryTest" time="33.277"/>
  <system-out>
    <![CDATA[---Organization link clicked---
---created organization with industry and type dropdown, Test passed---]]>
  </system-out>
</testsuite> <!-- vtiger.OrganizationTests.CreateOrgWithTypeAndIndustryTest -->
