<?xml version="1.0" encoding="UTF-8"?>
<!-- Generated by org.testng.reporters.JUnitReportReporter -->
<testsuite hostname="DJ" failures="0" tests="1" name="vtiger.ContactsTests.CreateContactWithOrgTest" time="38.521" errors="0" timestamp="2023-01-08T09:44:33 IST" skipped="0">
  <testcase classname="vtiger.ContactsTests.CreateContactWithOrgTest" name="createContactWithOrgTest" time="38.521"/>
  <system-out>
    <![CDATA[---click on organization link---
---click on organization lookup icon---
---Organization created succesfully---
contact created --- Test passed---]]>
  </system-out>
</testsuite> <!-- vtiger.ContactsTests.CreateContactWithOrgTest -->
