<?xml version="1.0" encoding="UTF-8"?>
<!-- Generated by org.testng.reporters.JUnitReportReporter -->
<testsuite hostname="DJ" failures="0" tests="1" name="vtiger.ContactsTests.CreateContactTest" time="13.293" errors="0" timestamp="2023-01-22T11:06:27 IST" skipped="0">
  <testcase classname="vtiger.ContactsTests.CreateContactTest" name="createContactTest" time="13.293"/>
  <system-out>
    <![CDATA[---click on contacts link---
---Click on create new contact lookup icon---
---contact created succesfully, test passed---]]>
  </system-out>
</testsuite> <!-- vtiger.ContactsTests.CreateContactTest -->
