<?xml version="1.0" encoding="UTF-8"?>
<!-- Generated by org.testng.reporters.JUnitReportReporter -->
<testsuite hostname="DJ" failures="0" tests="1" name="vtiger.OrganizationTests.CfreateOrgWithIndustryTest" time="34.598" errors="0" timestamp="2023-01-06T14:20:29 IST" skipped="0">
  <testcase classname="vtiger.OrganizationTests.CfreateOrgWithIndustryTest" name="createOrgWithIndustryTest" time="34.598"/>
  <system-out/>
</testsuite> <!-- vtiger.OrganizationTests.CfreateOrgWithIndustryTest -->
