<?xml version="1.0" encoding="UTF-8"?>
<!-- Generated by org.testng.reporters.JUnitReportReporter -->
<testsuite hostname="DJ" failures="0" tests="1" name="vtiger.ContactsTests.CreateContactTest" time="73.841" errors="0" timestamp="2023-01-07T12:49:47 IST" skipped="0">
  <testcase classname="vtiger.ContactsTests.CreateContactTest" name="createContactTest" time="73.841"/>
  <system-out>
    <![CDATA[createContactTest-> Test execution started
---click on contacts link---
---Click on create new contact lookup icon---
---contact created succesfully, test passed---
createContactTest-> is passed]]>
  </system-out>
</testsuite> <!-- vtiger.ContactsTests.CreateContactTest -->
